{"E:\\my_program\\webApp\\testing\\src\\math.js":{"path":"E:\\my_program\\webApp\\testing\\src\\math.js","s":{"1":1,"2":0,"3":0,"4":0,"5":0},"b":{},"f":{},"fnMap":{},"statementMap":{"1":{"start":{"line":1,"column":0},"end":{"line":13,"column":1}},"2":{"start":{"line":3,"column":8},"end":{"line":5,"column":10}},"3":{"start":{"line":4,"column":12},"end":{"line":4,"column":30}},"4":{"start":{"line":9,"column":8},"end":{"line":11,"column":10}},"5":{"start":{"line":10,"column":12},"end":{"line":10,"column":30}}},"branchMap":{}}}